[6/20/2024 7:16:15 PM] [Debug] [Application] service: Tripolygon.UModeler.Hub.HubAuthentication = Tripolygon.UModeler.Hub.HubAuthentication
[6/20/2024 7:16:15 PM] [Debug] [Application] service: Tripolygon.UModeler.UI.IApplicationCache = Tripolygon.UModeler.Editor.UI.UnityEditorApplicationCache
[6/20/2024 7:16:15 PM] [Debug] [Application] service: Tripolygon.UModeler.Hub.IHubService = Tripolygon.UModeler.Hub.HubService
[6/20/2024 7:16:15 PM] [Debug] [Application] service: Tripolygon.UModeler.Authentication.IAuthenticationApiProvider = Tripolygon.UModeler.Editor.AuthenticationApiProviderService
[6/20/2024 7:16:15 PM] [Debug] [Application] service: Tripolygon.UModeler.UI.IObjectHierarchyService = Tripolygon.UModeler.Editor.UI.UnityEditorObjectHierarchyService
[6/20/2024 7:16:15 PM] [Debug] [Application] service: Tripolygon.UModeler.UI.ITextureProvider = Tripolygon.UModeler.Editor.UI.UnityEditorTextureProvider
[6/20/2024 7:16:15 PM] [Debug] [Application] service: Tripolygon.UModeler.Editor.UI.ApplicationSettings = Tripolygon.UModeler.Editor.UI.ApplicationSettings
[6/20/2024 7:16:15 PM] [Debug] [Application] service: Tripolygon.UModeler.UI.IApplicationUtilityService = Tripolygon.UModeler.Editor.UI.UnityEditorApplicationUtilityService
[6/20/2024 7:16:15 PM] [Debug] [Application] service: Tripolygon.UModeler.Hub.Resources.IResourcesApiProvider = Tripolygon.UModeler.Hub.ResourcesApiProviderService
[6/20/2024 7:16:15 PM] [Debug] [Application] service: Tripolygon.UModeler.Hub.HubFlashService = Tripolygon.UModeler.Hub.HubFlashService
[6/20/2024 7:16:15 PM] [Debug] [Application] service: Tripolygon.UModeler.Hub.IHubAnalyticsService = Tripolygon.UModeler.Hub.HubAnalyticsService
[6/20/2024 7:16:15 PM] [Debug] [Application] service: Tripolygon.UModeler.Hub.VSAttributionService = Tripolygon.UModeler.Hub.VSAttributionService
[6/20/2024 7:16:15 PM] [Debug] [Application] service: Tripolygon.UModeler.Hub.Notifications.UpdateHubNotifier = Tripolygon.UModeler.Hub.Notifications.UpdateHubNotifier
[6/20/2024 7:16:15 PM] [Debug] [Application] service: Tripolygon.UModeler.Hub.Notifications.UpdateProductNotifier = Tripolygon.UModeler.Hub.Notifications.UpdateProductNotifier
[6/20/2024 7:16:15 PM] [Debug] [Application] service: Tripolygon.UModeler.Hub.INoticeService = Tripolygon.UModeler.Hub.Noticies.NoticeService
[6/20/2024 7:16:15 PM] [Debug] [Application] service: Tripolygon.UModeler.Hub.Views.SceneViews.HubSceneViewService = Tripolygon.UModeler.Hub.Views.SceneViews.HubSceneViewService
[6/20/2024 7:16:16 PM] [Debug] [Application] Initialize: isReloading=False
[6/20/2024 7:16:16 PM] [Debug] [Application] Service Initialize: Tripolygon.UModeler.Hub.HubAuthentication
[6/20/2024 7:16:16 PM] [Debug] [Application] Service Initialize: Tripolygon.UModeler.Editor.UI.UnityEditorApplicationCache
[6/20/2024 7:16:16 PM] [Debug] [Application] Service Initialize: Tripolygon.UModeler.Hub.HubService
[6/20/2024 7:16:16 PM] [Debug] [Application] Service Initialize: Tripolygon.UModeler.Editor.UI.UnityEditorApplicationUtilityService
[6/20/2024 7:16:16 PM] [Debug] [Application] Service Initialize: Tripolygon.UModeler.Hub.HubFlashService
[6/20/2024 7:16:16 PM] [Debug] [HubAnalytics] PosthogClient.SetAutoFlush: Value Changed: True
[6/20/2024 7:16:16 PM] [Debug] [Application] Service Initialize: Tripolygon.UModeler.Hub.HubAnalyticsService
[6/20/2024 7:16:16 PM] [Debug] [Application] Service Initialize: Tripolygon.UModeler.Hub.VSAttributionService
[6/20/2024 7:16:16 PM] [Debug] [Application] Service Initialize: Tripolygon.UModeler.Hub.Notifications.UpdateHubNotifier
[6/20/2024 7:16:16 PM] [Debug] [Application] Service Initialize: Tripolygon.UModeler.Hub.Notifications.UpdateProductNotifier
[6/20/2024 7:16:16 PM] [Debug] [Application] Service Initialize: Tripolygon.UModeler.Hub.Noticies.NoticeService
[6/20/2024 7:16:16 PM] [Debug] [Application] Service Initialize: Tripolygon.UModeler.Hub.Views.SceneViews.HubSceneViewService
[6/20/2024 7:16:22 PM] [Debug] [HubAnalytics] OnAppStart
[6/20/2024 7:16:26 PM] [Debug] [HubAnalytics] PosthogClient.BatchAsync: Sending Queue Items={"api_key":"phc_DQ6tsN03HRXTr9hNBfi3DierOY5Y0SisUxgxjuAmZG5","batch":[{"event":"app start","properties":{"$set":{"sdk_region_id":"en-US","sdk_region_name":"United States","sdk_language":"English","sdk_os_architecture":"X64","sdk_time_zone":"GTB Standard Time","product_version":"0.12.10","platform_account_id":"anonymous","platform_account_name":"daBDCI9OFTSKo2RqcjhPbeMbC5Kqddovd0wYnx9sOf8jDVOuqIq3kqJFUz4cvUDey9tdiaJR6b5lIgfD+SIIcel73uOFb89dzIqlxcK+zg/KTxIPw1jD2GK0Yu1miMfU2KpNmK73GV/YrkOdmizpIzGNwrxWmit/uU3L5lXEv7AmFnq1wkn2HlF9/xUpLQbuV4lnFMsH7izU6v9mfxMtyTenn7HVmJGRsOTYniKy1eagaJAFGDKeLeGf/4aShLIYhCb2kwP91epP5xXjEdD+/YSsCxuRflbbJz8sZeET6RiI3MqUg6RQ+Nk8E4CAl4o3iGEoVttkgXvQDF7aBnKoqg=="},"$os":"WINDOWS","$os_name":"WINDOWS","$session_id":"cff1759f-96b2-4484-9b34-1cbd95dc8157_5391f023-d7b4-40a9-bc40-5120fc6548fb","distinct_id":"d52641226519bab0006431cf9fb9717b87bf04c4","product_name":"UModeler Hub","product_version":"0.12.10","platform_name":"Unity","platform_version":"2023.2.3f1","screen_width":1920,"screen_height":1080,"viewport_width":1920,"viewport_height":1080,"unity_systeminfo_language":"English","unity_systeminfo_os":"Windows 10  (10.0.19045) 64bit","unity_systeminfo_graphicsDeviceType":"Direct3D11","unity_systeminfo_graphicsDeviceVendor":"NVIDIA","unity_systeminfo_graphicsDeviceName":"NVIDIA GeForce GTX 1660 Ti","unity_systeminfo_deviceType":"Desktop","unity_systeminfo_processorType":"Intel(R) Core(TM) i7-9750HF CPU @ 2.60GHz"},"timestamp":"2024-06-20T16:16:22.5158081Z"}]}
[6/20/2024 7:16:27 PM] [Debug] [HubAnalytics] PosthogClient.BatchAsync: Sent 1 queue item(s).
[6/20/2024 7:20:55 PM] [Debug] [Application] Release: isReloading=False
[6/20/2024 7:20:55 PM] [Debug] [Application] Service Release: Tripolygon.UModeler.Hub.Views.SceneViews.HubSceneViewService
[6/20/2024 7:20:55 PM] [Debug] [Application] Service Release: Tripolygon.UModeler.Hub.Noticies.NoticeService
[6/20/2024 7:20:55 PM] [Debug] [Application] Service Release: Tripolygon.UModeler.Hub.Notifications.UpdateProductNotifier
[6/20/2024 7:20:55 PM] [Debug] [Application] Service Release: Tripolygon.UModeler.Hub.Notifications.UpdateHubNotifier
[6/20/2024 7:20:55 PM] [Debug] [Application] Service Release: Tripolygon.UModeler.Hub.VSAttributionService
[6/20/2024 7:20:55 PM] [Debug] [HubAnalytics] OnAppEnd
[6/20/2024 7:20:55 PM] [Debug] [HubAnalytics] PosthogClient.SetAutoFlush: Value Changed: False
[6/20/2024 7:20:55 PM] [Debug] [HubAnalytics] PosthogClient.BatchAsync: Sending Queue Items={"api_key":"phc_DQ6tsN03HRXTr9hNBfi3DierOY5Y0SisUxgxjuAmZG5","batch":[{"event":"app end","properties":{"$set":{"sdk_region_id":"en-US","sdk_region_name":"United States","sdk_language":"English","sdk_os_architecture":"X64","sdk_time_zone":"GTB Standard Time","product_version":"0.12.10"},"$os":"WINDOWS","$os_name":"WINDOWS","$session_id":"cff1759f-96b2-4484-9b34-1cbd95dc8157_5391f023-d7b4-40a9-bc40-5120fc6548fb","distinct_id":"d52641226519bab0006431cf9fb9717b87bf04c4","product_name":"UModeler Hub","product_version":"0.12.10","platform_name":"Unity","platform_version":"2023.2.3f1","screen_width":1920,"screen_height":1080,"viewport_width":1920,"viewport_height":1080,"unity_systeminfo_language":"English","unity_systeminfo_os":"Windows 10  (10.0.19045) 64bit","unity_systeminfo_graphicsDeviceType":"Direct3D11","unity_systeminfo_graphicsDeviceVendor":"NVIDIA","unity_systeminfo_graphicsDeviceName":"NVIDIA GeForce GTX 1660 Ti","unity_systeminfo_deviceType":"Desktop","unity_systeminfo_processorType":"Intel(R) Core(TM) i7-9750HF CPU @ 2.60GHz"},"timestamp":"2024-06-20T16:20:55.4840809Z"}]}
[6/20/2024 7:20:56 PM] [Debug] [HubAnalytics] PosthogClient.BatchAsync: Sent 1 queue item(s).
[6/20/2024 7:20:56 PM] [Debug] [Application] Service Release: Tripolygon.UModeler.Hub.HubAnalyticsService
[6/20/2024 7:20:56 PM] [Debug] [Application] Service Release: Tripolygon.UModeler.Hub.HubFlashService
[6/20/2024 7:20:56 PM] [Debug] [Application] Service Release: Tripolygon.UModeler.Editor.UI.UnityEditorApplicationUtilityService
[6/20/2024 7:20:56 PM] [Debug] [Application] Service Release: Tripolygon.UModeler.Hub.HubService
[6/20/2024 7:20:56 PM] [Debug] [Application] Service Release: Tripolygon.UModeler.Editor.UI.UnityEditorApplicationCache
[6/20/2024 7:20:56 PM] [Debug] [Application] Service Release: Tripolygon.UModeler.Hub.HubAuthentication
