[1/16/2025 3:39:45 PM] [Debug] [Application] service: Tripolygon.UModeler.Hub.HubAuthentication = Tripolygon.UModeler.Hub.HubAuthentication
[1/16/2025 3:39:45 PM] [Debug] [Application] service: Tripolygon.UModeler.UI.IApplicationCache = Tripolygon.UModeler.Editor.UI.UnityEditorApplicationCache
[1/16/2025 3:39:45 PM] [Debug] [Application] service: Tripolygon.UModeler.Hub.IHubService = Tripolygon.UModeler.Hub.HubService
[1/16/2025 3:39:45 PM] [Debug] [Application] service: Tripolygon.UModeler.Authentication.IAuthenticationApiProvider = Tripolygon.UModeler.Editor.AuthenticationApiProviderService
[1/16/2025 3:39:45 PM] [Debug] [Application] service: Tripolygon.UModeler.UI.IObjectHierarchyService = Tripolygon.UModeler.Editor.UI.UnityEditorObjectHierarchyService
[1/16/2025 3:39:45 PM] [Debug] [Application] service: Tripolygon.UModeler.UI.ITextureProvider = Tripolygon.UModeler.Editor.UI.UnityEditorTextureProvider
[1/16/2025 3:39:45 PM] [Debug] [Application] service: Tripolygon.UModeler.Editor.UI.ApplicationSettings = Tripolygon.UModeler.Editor.UI.ApplicationSettings
[1/16/2025 3:39:45 PM] [Debug] [Application] service: Tripolygon.UModeler.UI.IApplicationUtilityService = Tripolygon.UModeler.Editor.UI.UnityEditorApplicationUtilityService
[1/16/2025 3:39:45 PM] [Debug] [Application] service: Tripolygon.UModeler.Hub.Resources.IResourcesApiProvider = Tripolygon.UModeler.Hub.ResourcesApiProviderService
[1/16/2025 3:39:45 PM] [Debug] [Application] service: Tripolygon.UModeler.Hub.HubFlashService = Tripolygon.UModeler.Hub.HubFlashService
[1/16/2025 3:39:45 PM] [Debug] [Application] service: Tripolygon.UModeler.Hub.IHubAnalyticsService = Tripolygon.UModeler.Hub.HubAnalyticsService
[1/16/2025 3:39:45 PM] [Debug] [Application] service: Tripolygon.UModeler.Hub.VSAttributionService = Tripolygon.UModeler.Hub.VSAttributionService
[1/16/2025 3:39:45 PM] [Debug] [Application] service: Tripolygon.UModeler.Hub.Notifications.UpdateHubNotifier = Tripolygon.UModeler.Hub.Notifications.UpdateHubNotifier
[1/16/2025 3:39:45 PM] [Debug] [Application] service: Tripolygon.UModeler.Hub.Notifications.UpdateProductNotifier = Tripolygon.UModeler.Hub.Notifications.UpdateProductNotifier
[1/16/2025 3:39:45 PM] [Debug] [Application] service: Tripolygon.UModeler.Hub.INoticeService = Tripolygon.UModeler.Hub.Noticies.NoticeService
[1/16/2025 3:39:45 PM] [Debug] [Application] service: Tripolygon.UModeler.Hub.Views.SceneViews.HubSceneViewService = Tripolygon.UModeler.Hub.Views.SceneViews.HubSceneViewService
[1/16/2025 3:39:45 PM] [Debug] [Application] Initialize: isReloading=False
[1/16/2025 3:39:45 PM] [Debug] [Application] Service Initialize: Tripolygon.UModeler.Hub.HubAuthentication
[1/16/2025 3:39:45 PM] [Debug] [Application] Service Initialize: Tripolygon.UModeler.Editor.UI.UnityEditorApplicationCache
[1/16/2025 3:39:45 PM] [Debug] [Application] Service Initialize: Tripolygon.UModeler.Hub.HubService
[1/16/2025 3:39:45 PM] [Debug] [Application] Service Initialize: Tripolygon.UModeler.Editor.UI.UnityEditorApplicationUtilityService
[1/16/2025 3:39:45 PM] [Debug] [Application] Service Initialize: Tripolygon.UModeler.Hub.HubFlashService
[1/16/2025 3:39:45 PM] [Debug] [HubAnalytics] PosthogClient.SetAutoFlush: Value Changed: True
[1/16/2025 3:39:46 PM] [Debug] [Application] Service Initialize: Tripolygon.UModeler.Hub.HubAnalyticsService
[1/16/2025 3:39:46 PM] [Debug] [Application] Service Initialize: Tripolygon.UModeler.Hub.VSAttributionService
[1/16/2025 3:39:46 PM] [Debug] [Application] Service Initialize: Tripolygon.UModeler.Hub.Notifications.UpdateHubNotifier
[1/16/2025 3:39:46 PM] [Debug] [Application] Service Initialize: Tripolygon.UModeler.Hub.Notifications.UpdateProductNotifier
[1/16/2025 3:39:46 PM] [Debug] [Application] Service Initialize: Tripolygon.UModeler.Hub.Noticies.NoticeService
[1/16/2025 3:39:46 PM] [Debug] [Application] Service Initialize: Tripolygon.UModeler.Hub.Views.SceneViews.HubSceneViewService
[1/16/2025 3:39:50 PM] [Debug] [HubAnalytics] OnAppStart
[1/16/2025 3:39:56 PM] [Debug] [HubAnalytics] PosthogClient.BatchAsync: Sending Queue Items={"api_key":"phc_DQ6tsN03HRXTr9hNBfi3DierOY5Y0SisUxgxjuAmZG5","batch":[{"event":"app start","properties":{"$set":{"sdk_region_id":"en-US","sdk_region_name":"United States","sdk_language":"English","sdk_os_architecture":"X64","sdk_time_zone":"GTB Standard Time","product_version":"0.12.10","platform_account_id":"anonymous","platform_account_name":"I17cRtQbWUSWY4JHytT8E5qTzUp21h8VkIuAvEFEYGm9faA0E35LG7ss5654vXl9tykXb3zpfAuKiDhkC2tN+K/PvMAT+kHhklqNNr/DxADnCl36rJ+p/nxZh1JwqHwivErRw+vFL0Le5XOORruiCz1SdpDSYLgCbQeVfKbhW9xqarfmtBEgV/r2I/yC3WYsrGhSiubH9XugvnfF5mKAOsgEdkqoh+TDdcwXmDO9YHMvMMlsZAKFIcPIfaC2jcSSaukbTLSxZ/kVOUSwwwOI7zrujdNVTPklH6OUQUlfI1gQWiZHVIxH/W/Io3wDIOjlFjjFOX2wnHNFHl2X8zSnxw=="},"$os":"WINDOWS","$os_name":"WINDOWS","$session_id":"136bd803-0234-4dec-ad0c-c0744cc5de29_f75bb80f-7041-428d-a9d0-7ee144f8376d","distinct_id":"d52641226519bab0006431cf9fb9717b87bf04c4","product_name":"UModeler Hub","product_version":"0.12.10","platform_name":"Unity","platform_version":"2023.2.3f1","screen_width":1920,"screen_height":1080,"viewport_width":1920,"viewport_height":1080,"unity_systeminfo_language":"English","unity_systeminfo_os":"Windows 10  (10.0.19045) 64bit","unity_systeminfo_graphicsDeviceType":"Direct3D11","unity_systeminfo_graphicsDeviceVendor":"NVIDIA","unity_systeminfo_graphicsDeviceName":"NVIDIA GeForce GTX 1660 Ti","unity_systeminfo_deviceType":"Desktop","unity_systeminfo_processorType":"Intel(R) Core(TM) i7-9750HF CPU @ 2.60GHz"},"timestamp":"2025-01-16T13:39:50.5617839Z"}]}
[1/16/2025 3:39:56 PM] [Debug] [HubAnalytics] PosthogClient.BatchAsync: Sent 1 queue item(s).
[1/16/2025 3:39:57 PM] [Debug] [Application] Release: isReloading=False
[1/16/2025 3:39:57 PM] [Debug] [Application] Service Release: Tripolygon.UModeler.Hub.Views.SceneViews.HubSceneViewService
[1/16/2025 3:39:57 PM] [Debug] [Application] Service Release: Tripolygon.UModeler.Hub.Noticies.NoticeService
[1/16/2025 3:39:57 PM] [Debug] [Application] Service Release: Tripolygon.UModeler.Hub.Notifications.UpdateProductNotifier
[1/16/2025 3:39:57 PM] [Debug] [Application] Service Release: Tripolygon.UModeler.Hub.Notifications.UpdateHubNotifier
[1/16/2025 3:39:57 PM] [Debug] [Application] Service Release: Tripolygon.UModeler.Hub.VSAttributionService
[1/16/2025 3:39:57 PM] [Debug] [HubAnalytics] OnAppEnd
[1/16/2025 3:39:57 PM] [Debug] [HubAnalytics] PosthogClient.SetAutoFlush: Value Changed: False
[1/16/2025 3:39:57 PM] [Debug] [HubAnalytics] PosthogClient.BatchAsync: Sending Queue Items={"api_key":"phc_DQ6tsN03HRXTr9hNBfi3DierOY5Y0SisUxgxjuAmZG5","batch":[{"event":"app end","properties":{"$set":{"sdk_region_id":"en-US","sdk_region_name":"United States","sdk_language":"English","sdk_os_architecture":"X64","sdk_time_zone":"GTB Standard Time","product_version":"0.12.10"},"$os":"WINDOWS","$os_name":"WINDOWS","$session_id":"136bd803-0234-4dec-ad0c-c0744cc5de29_f75bb80f-7041-428d-a9d0-7ee144f8376d","distinct_id":"d52641226519bab0006431cf9fb9717b87bf04c4","product_name":"UModeler Hub","product_version":"0.12.10","platform_name":"Unity","platform_version":"2023.2.3f1","screen_width":1920,"screen_height":1080,"viewport_width":1920,"viewport_height":1080,"unity_systeminfo_language":"English","unity_systeminfo_os":"Windows 10  (10.0.19045) 64bit","unity_systeminfo_graphicsDeviceType":"Direct3D11","unity_systeminfo_graphicsDeviceVendor":"NVIDIA","unity_systeminfo_graphicsDeviceName":"NVIDIA GeForce GTX 1660 Ti","unity_systeminfo_deviceType":"Desktop","unity_systeminfo_processorType":"Intel(R) Core(TM) i7-9750HF CPU @ 2.60GHz"},"timestamp":"2025-01-16T13:39:57.0817599Z"}]}
[1/16/2025 3:39:57 PM] [Debug] [HubAnalytics] PosthogClient.BatchAsync: Sent 1 queue item(s).
[1/16/2025 3:39:57 PM] [Debug] [Application] Service Release: Tripolygon.UModeler.Hub.HubAnalyticsService
[1/16/2025 3:39:57 PM] [Debug] [Application] Service Release: Tripolygon.UModeler.Hub.HubFlashService
[1/16/2025 3:39:57 PM] [Debug] [Application] Service Release: Tripolygon.UModeler.Editor.UI.UnityEditorApplicationUtilityService
[1/16/2025 3:39:57 PM] [Debug] [Application] Service Release: Tripolygon.UModeler.Hub.HubService
[1/16/2025 3:39:57 PM] [Debug] [Application] Service Release: Tripolygon.UModeler.Editor.UI.UnityEditorApplicationCache
[1/16/2025 3:39:57 PM] [Debug] [Application] Service Release: Tripolygon.UModeler.Hub.HubAuthentication
